[0.106s] DEBUG:colcon:Command line arguments: ['/usr/bin/colcon', 'build', '--symlink-install']
[0.106s] DEBUG:colcon:Parsed command line arguments: Namespace(log_base=None, log_level=None, verb_name='build', build_base='build', install_base='install', merge_install=False, symlink_install=True, test_result_base=None, continue_on_error=False, executor='sequential', event_handlers=None, base_paths=['.'], paths=None, cmake_args=None, cmake_target=None, cmake_target_skip_unavailable=False, cmake_clean_cache=False, cmake_clean_first=False, cmake_force_configure=False, ament_cmake_args=None, catkin_cmake_args=None, catkin_skip_building_tests=False, verb_parser=CustomArgumentParser(prog='colcon build', usage=None, description='Build a set of packages.', formatter_class=<class 'colcon_core.command.CustomFormatter'>, conflict_handler='error', add_help=True), verb_extension=<colcon_core.verb.build.BuildVerb object at 0x739f98349db0>, main=<bound method BuildVerb.main of <colcon_core.verb.build.BuildVerb object at 0x739f98349db0>>)
[0.462s] Level 1:colcon.colcon_core.package_discovery:discover_packages(recursive) check parameters
[0.463s] Level 1:colcon.colcon_core.package_discovery:discover_packages(path) check parameters
[0.463s] Level 1:colcon.colcon_core.package_discovery:discover_packages(recursive) discover
[0.463s] INFO:colcon.colcon_core.package_discovery:Crawling recursively for packages in '/home/hyj/Desktop/c:ros2_wssrc'
[0.463s] Level 1:colcon.colcon_core.package_identification:_identify(.) by extensions ['ignore', 'ignore_ament_install']
[0.463s] Level 1:colcon.colcon_core.package_identification:_identify(.) by extension 'ignore'
[0.464s] Level 1:colcon.colcon_core.package_identification:_identify(.) by extension 'ignore_ament_install'
[0.464s] Level 1:colcon.colcon_core.package_identification:_identify(.) by extensions ['ros']
[0.464s] Level 1:colcon.colcon_core.package_identification:_identify(.) by extension 'ros'
[0.485s] Level 1:colcon.colcon_core.package_identification:_identify(.) by extensions ['cmake', 'python']
[0.486s] Level 1:colcon.colcon_core.package_identification:_identify(.) by extension 'cmake'
[0.486s] Level 1:colcon.colcon_core.package_identification:_identify(.) by extension 'python'
[0.486s] Level 1:colcon.colcon_core.package_identification:_identify(.) by extensions ['python_setup_py']
[0.486s] Level 1:colcon.colcon_core.package_identification:_identify(.) by extension 'python_setup_py'
[0.486s] Level 1:colcon.colcon_core.package_identification:_identify(build) by extensions ['ignore', 'ignore_ament_install']
[0.486s] Level 1:colcon.colcon_core.package_identification:_identify(build) by extension 'ignore'
[0.487s] Level 1:colcon.colcon_core.package_identification:_identify(build) ignored
[0.487s] Level 1:colcon.colcon_core.package_identification:_identify(install) by extensions ['ignore', 'ignore_ament_install']
[0.488s] Level 1:colcon.colcon_core.package_identification:_identify(install) by extension 'ignore'
[0.488s] Level 1:colcon.colcon_core.package_identification:_identify(install) ignored
[0.488s] Level 1:colcon.colcon_core.package_identification:_identify(log) by extensions ['ignore', 'ignore_ament_install']
[0.489s] Level 1:colcon.colcon_core.package_identification:_identify(log) by extension 'ignore'
[0.489s] Level 1:colcon.colcon_core.package_identification:_identify(log) ignored
[0.489s] Level 1:colcon.colcon_core.package_identification:_identify(yujcar_ros2_package) by extensions ['ignore', 'ignore_ament_install']
[0.490s] Level 1:colcon.colcon_core.package_identification:_identify(yujcar_ros2_package) by extension 'ignore'
[0.490s] Level 1:colcon.colcon_core.package_identification:_identify(yujcar_ros2_package) by extension 'ignore_ament_install'
[0.490s] Level 1:colcon.colcon_core.package_identification:_identify(yujcar_ros2_package) by extensions ['ros']
[0.490s] Level 1:colcon.colcon_core.package_identification:_identify(yujcar_ros2_package) by extension 'ros'
[0.495s] DEBUG:colcon.colcon_core.package_identification:Package 'yujcar_ros2_package' with type 'ros.ament_python' and name 'YuJcar_Ros2_Package'
[0.495s] Level 1:colcon.colcon_core.package_discovery:discover_packages(recursive) using defaults
[0.495s] Level 1:colcon.colcon_core.package_discovery:discover_packages(path) discover
[0.495s] Level 1:colcon.colcon_core.package_discovery:discover_packages(path) using defaults
[0.542s] Level 5:colcon.colcon_core.verb:set package 'YuJcar_Ros2_Package' build argument 'cmake_args' from command line to 'None'
[0.542s] Level 5:colcon.colcon_core.verb:set package 'YuJcar_Ros2_Package' build argument 'cmake_target' from command line to 'None'
[0.542s] Level 5:colcon.colcon_core.verb:set package 'YuJcar_Ros2_Package' build argument 'cmake_target_skip_unavailable' from command line to 'False'
[0.542s] Level 5:colcon.colcon_core.verb:set package 'YuJcar_Ros2_Package' build argument 'cmake_clean_cache' from command line to 'False'
[0.542s] Level 5:colcon.colcon_core.verb:set package 'YuJcar_Ros2_Package' build argument 'cmake_clean_first' from command line to 'False'
[0.542s] Level 5:colcon.colcon_core.verb:set package 'YuJcar_Ros2_Package' build argument 'cmake_force_configure' from command line to 'False'
[0.542s] Level 5:colcon.colcon_core.verb:set package 'YuJcar_Ros2_Package' build argument 'ament_cmake_args' from command line to 'None'
[0.542s] Level 5:colcon.colcon_core.verb:set package 'YuJcar_Ros2_Package' build argument 'catkin_cmake_args' from command line to 'None'
[0.542s] Level 5:colcon.colcon_core.verb:set package 'YuJcar_Ros2_Package' build argument 'catkin_skip_building_tests' from command line to 'False'
[0.543s] DEBUG:colcon.colcon_core.verb:Building package 'YuJcar_Ros2_Package' with the following arguments: {'ament_cmake_args': None, 'build_base': '/home/hyj/Desktop/c:ros2_wssrc/build/YuJcar_Ros2_Package', 'catkin_cmake_args': None, 'catkin_skip_building_tests': False, 'cmake_args': None, 'cmake_clean_cache': False, 'cmake_clean_first': False, 'cmake_force_configure': False, 'cmake_target': None, 'cmake_target_skip_unavailable': False, 'install_base': '/home/hyj/Desktop/c:ros2_wssrc/install/YuJcar_Ros2_Package', 'merge_install': False, 'path': '/home/hyj/Desktop/c:ros2_wssrc/yujcar_ros2_package', 'symlink_install': True, 'test_result_base': None}
[0.543s] INFO:colcon.colcon_core.executor:Executing jobs using 'sequential' executor
[0.546s] DEBUG:colcon.colcon_core.executor.sequential:run_until_complete 'YuJcar_Ros2_Package'
[0.546s] INFO:colcon.colcon_ros.task.ament_python.build:Building ROS package in '/home/hyj/Desktop/c:ros2_wssrc/yujcar_ros2_package' with build type 'ament_python'
[0.547s] Level 1:colcon.colcon_core.shell:create_environment_hook('YuJcar_Ros2_Package', 'ament_prefix_path')
[0.548s] INFO:colcon.colcon_core.plugin_system:Skipping extension 'colcon_core.shell.bat': Not used on non-Windows systems
[0.549s] INFO:colcon.colcon_core.shell:Creating environment descriptor '/home/hyj/Desktop/c:ros2_wssrc/install/YuJcar_Ros2_Package/share/YuJcar_Ros2_Package/hook/ament_prefix_path.dsv'
[0.550s] INFO:colcon.colcon_core.shell:Creating environment hook '/home/hyj/Desktop/c:ros2_wssrc/install/YuJcar_Ros2_Package/share/YuJcar_Ros2_Package/hook/ament_prefix_path.sh'
[0.552s] DEBUG:colcon.colcon_core.shell:Skip shell extension 'dsv' for command environment
[1.062s] WARNING:colcon.colcon_ros.task.ament_python.build:Package 'YuJcar_Ros2_Package' doesn't explicitly install a marker in the package index (colcon-ros currently does it implicitly but that fallback will be removed in the future)
[1.062s] WARNING:colcon.colcon_ros.task.ament_python.build:Package 'YuJcar_Ros2_Package' doesn't explicitly install the 'package.xml' file (colcon-ros currently does it implicitly but that fallback will be removed in the future)
[1.062s] INFO:colcon.colcon_core.task.python.build:Building Python package in '/home/hyj/Desktop/c:ros2_wssrc/yujcar_ros2_package'
[1.064s] DEBUG:colcon.colcon_core.shell:Skip shell extension 'dsv' for command environment
[1.749s] DEBUG:colcon.colcon_core.event_handler.log_command:Invoking command in '/home/hyj/Desktop/c:ros2_wssrc/build/YuJcar_Ros2_Package': PYTHONPATH=/home/hyj/Desktop/c:ros2_wssrc/build/YuJcar_Ros2_Package/prefix_override:/home/hyj/Desktop/c:ros2_wssrc/install/YuJcar_Ros2_Package/lib/python3.10/site-packages:${PYTHONPATH} /usr/bin/python3 -W ignore:setup.py install is deprecated setup.py develop --editable --build-directory /home/hyj/Desktop/c:ros2_wssrc/build/YuJcar_Ros2_Package/build --no-deps
[2.527s] DEBUG:colcon.colcon_core.executor.sequential:run_until_complete 'YuJcar_Ros2_Package' finished with '1'
[2.527s] DEBUG:colcon.colcon_core.executor.sequential:closing loop
[2.527s] DEBUG:colcon.colcon_core.executor.sequential:loop closed
[2.527s] DEBUG:colcon.colcon_core.event_reactor:joining thread
[2.528s] DEBUG:colcon.colcon_core.event_handler.log_command:Invoked command in '/home/hyj/Desktop/c:ros2_wssrc/build/YuJcar_Ros2_Package' returned '1': PYTHONPATH=/home/hyj/Desktop/c:ros2_wssrc/build/YuJcar_Ros2_Package/prefix_override:/home/hyj/Desktop/c:ros2_wssrc/install/YuJcar_Ros2_Package/lib/python3.10/site-packages:${PYTHONPATH} /usr/bin/python3 -W ignore:setup.py install is deprecated setup.py develop --editable --build-directory /home/hyj/Desktop/c:ros2_wssrc/build/YuJcar_Ros2_Package/build --no-deps
[2.531s] DEBUG:colcon.colcon_core.event_reactor:joined thread
[2.532s] INFO:colcon.colcon_core.shell:Creating prefix script '/home/hyj/Desktop/c:ros2_wssrc/install/local_setup.sh'
[2.533s] INFO:colcon.colcon_core.shell:Creating prefix util module '/home/hyj/Desktop/c:ros2_wssrc/install/_local_setup_util_sh.py'
[2.536s] INFO:colcon.colcon_core.shell:Creating prefix chain script '/home/hyj/Desktop/c:ros2_wssrc/install/setup.sh'
